<?xml version="1.0" encoding="UTF-8"?>
<!-- Generated by org.testng.reporters.JUnitReportReporter -->
<testsuite hostname="DESKTOP-G0B7K2D" failures="0" tests="3" name="te.Days3" time="0.003" errors="0" timestamp="2022-05-24T22:36:16 CDT" skipped="1">
  <testcase classname="te.Days3" name="APIcarloan" time="0.002"/>
  <system-out/>
  <testcase classname="te.Days3" name="Weblogincarloan" time="0.001"/>
  <system-out/>
  <testcase classname="te.Days3" name="Mobilesignincarloan">
    <skipped/>
  </testcase> <!-- Mobilesignincarloan -->
  <system-out/>
</testsuite> <!-- te.Days3 -->
