<?xml version="1.0" encoding="UTF-8"?>
<!-- Generated by org.testng.reporters.JUnitReportReporter -->
<testsuite hostname="DESKTOP-G0B7K2D" failures="0" tests="1" name="te.Days2" time="0.001" errors="0" timestamp="2022-05-24T22:36:16 CDT" skipped="0">
  <testcase classname="te.Days2" name="ploan" time="0.001"/>
  <system-out/>
</testsuite> <!-- te.Days2 -->
