<?xml version="1.0" encoding="UTF-8"?>
<!-- Generated by org.testng.reporters.JUnitReportReporter -->
<testsuite hostname="DESKTOP-G0B7K2D" failures="0" tests="6" name="te.Days4" time="0.006" errors="0" timestamp="2022-05-24T22:36:16 CDT" skipped="0">
  <testcase classname="te.Days4" name="shaheenMOHSIN" time="0.001"/>
  <system-out/>
  <testcase classname="te.Days4" name="shaheenMOHSIN" time="0.001"/>
  <system-out/>
  <testcase classname="te.Days4" name="LoginAPIhomeloan" time="0.001"/>
  <system-out/>
  <testcase classname="te.Days4" name="MobileLoginhomeloan" time="0.002"/>
  <system-out/>
  <testcase classname="te.Days4" name="Webloginhomeloan" time="0.000"/>
  <system-out/>
  <testcase classname="te.Days4" name="shaheenMOHSIN" time="0.001"/>
  <system-out/>
</testsuite> <!-- te.Days4 -->
